<?xml version="1.0" encoding="UTF-8"?>
<!-- Generated by org.testng.reporters.JUnitXMLReporter -->
<testsuite ignored="0" hostname="DESKTOP-QHVQP94" failures="0" tests="14" name="Passenger Service API Tests" time="9.948" errors="0" timestamp="2025-08-13T11:49:20 IST">
  <testcase classname="com.flightbooking.tests.AuthenticationTest" name="testValidTokenGeneration" time="5.467"/>
  <testcase classname="com.flightbooking.tests.AuthenticationTest" name="testInvalidClientId" time="0.361"/>
  <testcase classname="com.flightbooking.tests.AuthenticationTest" name="testInvalidClientSecret" time="0.323"/>
  <testcase classname="com.flightbooking.tests.AuthenticationTest" name="testTokenGenerationViaUtils" time="0.344"/>
  <testcase classname="com.flightbooking.tests.PassengerServiceTest" name="testAddPassengerValid" time="0.288"/>
  <testcase classname="com.flightbooking.tests.PassengerServiceTest" name="testAddPassengerInvalid" time="0.226"/>
  <testcase classname="com.flightbooking.tests.PassengerServiceTest" name="testViewPassengerByValidId" time="0.478"/>
  <testcase classname="com.flightbooking.tests.PassengerServiceTest" name="testViewPassengerByInvalidId" time="0.29"/>
  <testcase classname="com.flightbooking.tests.PassengerServiceTest" name="testViewPassengerList" time="0.338"/>
  <testcase classname="com.flightbooking.tests.PassengerServiceTest" name="testViewPassengerByNameMobile" time="0.256"/>
  <testcase classname="com.flightbooking.tests.PassengerServiceTest" name="testViewPassengerByInvalidNameMobile" time="0.204"/>
  <testcase classname="com.flightbooking.tests.PassengerServiceTest" name="testDeletePassengerByValidId" time="0.197"/>
  <testcase classname="com.flightbooking.tests.PassengerServiceTest" name="testDeletePassengerByInvalidId" time="0.192"/>
  <testcase classname="com.flightbooking.tests.PassengerServiceTest" name="testAPIResponseTime" time="0.227"/>
</testsuite> <!-- Passenger Service API Tests -->
